<?xml version="1.0" encoding="UTF-8" ?>
<testsuites>
  <testsuite errors="0" failures="0" hostname="IdeaPad" id="0" name="SstMurDaySpec" package="" tests="2" time="0.667" timestamp="2014-04-02T03:04:15">
      <properties />

      <testcase classname="SstMurDaySpec" name="Can save lon field" time="0.614" />

      <testcase classname="SstMurDaySpec" name="Can save temperatures" time="0.051" />

      <system-out><![CDATA[--Output from Can save lon field--
--Output from Can save temperatures--
]]></system-out>

      <system-err><![CDATA[--Output from Can save lon field--
--Output from Can save temperatures--
]]></system-err>

  </testsuite>
</testsuites>
